0 info it worked if it ends with ok
1 verbose cli [ 'node', '/usr/local/bin/npm', 'install', '-g', 'tesseract-js' ]
2 info using npm@2.12.1
3 info using node@v0.12.7
4 verbose node symlink /usr/local/bin/node
5 verbose install initial load of /usr/local/lib/package.json
6 verbose readDependencies loading dependencies from /usr/local/lib/package.json
7 silly cache add args [ 'tesseract-js', null ]
8 verbose cache add spec tesseract-js
9 silly cache add parsed spec { raw: 'tesseract-js',
9 silly cache add   scope: null,
9 silly cache add   name: 'tesseract-js',
9 silly cache add   rawSpec: '',
9 silly cache add   spec: '*',
9 silly cache add   type: 'range' }
10 silly addNamed tesseract-js@*
11 verbose addNamed "*" is a valid semver range for tesseract-js
12 silly addNameRange { name: 'tesseract-js', range: '*', hasData: false }
13 silly mapToRegistry name tesseract-js
14 silly mapToRegistry using default registry
15 silly mapToRegistry registry https://registry.npmjs.org/
16 silly mapToRegistry uri https://registry.npmjs.org/tesseract-js
17 verbose addNameRange registry:https://registry.npmjs.org/tesseract-js not in flight; fetching
18 verbose request uri https://registry.npmjs.org/tesseract-js
19 verbose request no auth needed
20 info attempt registry request try #1 at 07:19:35
21 verbose request id 15152870389bdc83
22 verbose etag "8EGMCQQS13QJLPD5J12IPROLV"
23 http request GET https://registry.npmjs.org/tesseract-js
24 http 304 https://registry.npmjs.org/tesseract-js
25 silly get cb [ 304,
25 silly get   { date: 'Mon, 27 Jul 2015 11:19:35 GMT',
25 silly get     via: '1.1 varnish',
25 silly get     'cache-control': 'max-age=60',
25 silly get     etag: '"8EGMCQQS13QJLPD5J12IPROLV"',
25 silly get     age: '0',
25 silly get     connection: 'keep-alive',
25 silly get     'x-served-by': 'cache-jfk1029-JFK',
25 silly get     'x-cache': 'HIT',
25 silly get     'x-cache-hits': '1',
25 silly get     'x-timer': 'S1437995975.900314,VS0,VE19',
25 silly get     vary: 'Accept' } ]
26 verbose etag https://registry.npmjs.org/tesseract-js from cache
27 verbose get saving tesseract-js to /Users/kamran/.npm/registry.npmjs.org/tesseract-js/.cache.json
28 silly addNameRange number 2 { name: 'tesseract-js', range: '*', hasData: true }
29 silly addNameRange versions [ 'tesseract-js', [ '0.0.1' ] ]
30 silly addNamed tesseract-js@0.0.1
31 verbose addNamed "0.0.1" is a plain semver version for tesseract-js
32 silly cache afterAdd tesseract-js@0.0.1
33 verbose afterAdd /Users/kamran/.npm/tesseract-js/0.0.1/package/package.json not in flight; writing
34 verbose afterAdd /Users/kamran/.npm/tesseract-js/0.0.1/package/package.json written
35 silly install resolved [ { name: 'tesseract-js',
35 silly install resolved     description: 'Javascript wrapper for tesseract OCR.',
35 silly install resolved     version: '0.0.1',
35 silly install resolved     main: 'lib/tesseract.js',
35 silly install resolved     keywords:
35 silly install resolved      [ 'image processing',
35 silly install resolved        'text recognition',
35 silly install resolved        'tesseract-ocr',
35 silly install resolved        'tesseract.js',
35 silly install resolved        'tesseract-js',
35 silly install resolved        'ocr' ],
35 silly install resolved     tags:
35 silly install resolved      [ 'image processing',
35 silly install resolved        'text recognition',
35 silly install resolved        'tesseract-ocr',
35 silly install resolved        'tesseract.js',
35 silly install resolved        'tesseract-js',
35 silly install resolved        'ocr' ],
35 silly install resolved     repository:
35 silly install resolved      { type: 'git',
35 silly install resolved        url: 'git://github.com/suranjan/tesseract.js.git' },
35 silly install resolved     bugs: { url: 'https://github.com/suranjan/tesseract.js/issues' },
35 silly install resolved     licenses: [ [Object] ],
35 silly install resolved     dependencies: { chai: '1.3.0' },
35 silly install resolved     devDependencies: {},
35 silly install resolved     engines: { node: '>= 0.8.x' },
35 silly install resolved     homepage: 'https://github.com/suranjan/tesseract.js',
35 silly install resolved     author: { name: 'Sumit Ranjan', url: 'http://www.sumitranjan.com' },
35 silly install resolved     directories: { lib: './lib', deps: './deps', src: './src' },
35 silly install resolved     scripts:
35 silly install resolved      { test: 'node test/tesseractjs.test.js',
35 silly install resolved        install: 'node-gyp rebuild' },
35 silly install resolved     gypfile: true,
35 silly install resolved     readme: 'tesseract.js\n============\n\nJavascript wrapper for tesseract OCR \n\nInstall\n-------\n\n    [sudo] npm install [-g] tesseract-js\n\nFeatures\n--------\n\n\nVersion History\n---------------\n\n*  v0.0.1 - First release\n\nUsage\n-----\n\n```javascript\nvar tesseractjs = require(\'../lib/tesseract\')\nvar t = new tesseractjs.TesseractBinding();\nconsole.log("Object created");\nt.init("eng");\nt.setImage(__dirname + "/images/test-image.jpg");\nt.processImage();\nconsole.log(t.getText());\nt.close();\nt.end();\n```\n\nTesting\n-------\n\n    npm test\n\n\nTODO\n----\n\n\nLicense\n-------\n\nLicensed under the incredibly [permissive](http://en.wikipedia.org/wiki/Permissive_free_software_licence) [MIT License](http://creativecommons.org/licenses/MIT/). Copyright &copy; 2012 Sumit Ranjan.',
35 silly install resolved     readmeFilename: 'README.md',
35 silly install resolved     _id: 'tesseract-js@0.0.1',
35 silly install resolved     dist:
35 silly install resolved      { shasum: '855fd8b6940aca5aed24298e136efca98ffc1d8f',
35 silly install resolved        tarball: 'http://registry.npmjs.org/tesseract-js/-/tesseract-js-0.0.1.tgz' },
35 silly install resolved     _npmVersion: '1.1.69',
35 silly install resolved     _npmUser: { name: 'coderush', email: 'sumit.nitt@gmail.com' },
35 silly install resolved     maintainers: [ [Object] ],
35 silly install resolved     _shasum: '855fd8b6940aca5aed24298e136efca98ffc1d8f',
35 silly install resolved     _resolved: 'https://registry.npmjs.org/tesseract-js/-/tesseract-js-0.0.1.tgz',
35 silly install resolved     _from: 'tesseract-js@*' } ]
36 info install tesseract-js@0.0.1 into /usr/local/lib
37 info installOne tesseract-js@0.0.1
38 verbose installOne of tesseract-js to /usr/local/lib not in flight; installing
39 verbose lock using /Users/kamran/.npm/_locks/tesseract-js-d029f1ac0e0b348e.lock for /usr/local/lib/node_modules/tesseract-js
40 silly install write writing tesseract-js 0.0.1 to /usr/local/lib/node_modules/tesseract-js
41 verbose unbuild lib/node_modules/tesseract-js
42 silly gentlyRm /usr/local/lib/node_modules/tesseract-js is being purged from base /usr/local
43 verbose gentlyRm don't care about contents; nuking /usr/local/lib/node_modules/tesseract-js
44 verbose tar unpack /Users/kamran/.npm/tesseract-js/0.0.1/package.tgz
45 verbose tar unpacking to /usr/local/lib/node_modules/tesseract-js
46 silly gentlyRm /usr/local/lib/node_modules/tesseract-js is being purged
47 verbose gentlyRm don't care about contents; nuking /usr/local/lib/node_modules/tesseract-js
48 silly gunzTarPerm modes [ '755', '644' ]
49 silly gunzTarPerm extractEntry package.json
50 silly gunzTarPerm extractEntry .npmignore
51 silly gunzTarPerm extractEntry README.md
52 silly gunzTarPerm extractEntry LICENSE
53 silly gunzTarPerm extractEntry binding.gyp
54 silly gunzTarPerm extractEntry deps/leptonica/leptonica-license.txt
55 silly gunzTarPerm extractEntry deps/leptonica/leptonica.gyp
56 silly gunzTarPerm extractEntry deps/leptonica/src/list.c
57 silly gunzTarPerm extractEntry deps/leptonica/src/adaptmap.c
58 silly gunzTarPerm extractEntry deps/leptonica/src/affinecompose.c
59 silly gunzTarPerm extractEntry deps/leptonica/src/allheaders.h
60 silly gunzTarPerm extractEntry deps/leptonica/src/alltypes.h
61 silly gunzTarPerm extractEntry deps/leptonica/src/arithlow.c
62 silly gunzTarPerm extractEntry deps/leptonica/src/array.h
63 silly gunzTarPerm extractEntry deps/leptonica/src/arrayaccess.c
64 silly gunzTarPerm extractEntry deps/leptonica/src/arrayaccess.h
65 silly gunzTarPerm extractEntry deps/leptonica/src/bardecode.c
66 silly gunzTarPerm extractEntry deps/leptonica/src/baseline.c
67 silly gunzTarPerm extractEntry deps/leptonica/src/bbuffer.c
68 silly gunzTarPerm extractEntry deps/leptonica/src/bbuffer.h
69 silly gunzTarPerm extractEntry deps/leptonica/src/bilinear.c
70 silly gunzTarPerm extractEntry deps/leptonica/src/binarize.c
71 silly gunzTarPerm extractEntry deps/leptonica/src/binexpand.c
72 silly gunzTarPerm extractEntry deps/leptonica/src/binexpandlow.c
73 silly gunzTarPerm extractEntry deps/leptonica/src/binreduce.c
74 silly gunzTarPerm extractEntry deps/leptonica/src/binreducelow.c
75 silly gunzTarPerm extractEntry deps/leptonica/src/blend.c
76 silly gunzTarPerm extractEntry deps/leptonica/src/bmf.c
77 silly gunzTarPerm extractEntry deps/leptonica/src/bmf.h
78 silly gunzTarPerm extractEntry deps/leptonica/src/bmp.h
79 silly gunzTarPerm extractEntry deps/leptonica/src/bmpio.c
80 silly gunzTarPerm extractEntry deps/leptonica/src/bmpiostub.c
81 silly gunzTarPerm extractEntry deps/leptonica/src/boxbasic.c
82 silly gunzTarPerm extractEntry deps/leptonica/src/boxfunc1.c
83 silly gunzTarPerm extractEntry deps/leptonica/src/boxfunc2.c
84 silly gunzTarPerm extractEntry deps/leptonica/src/boxfunc3.c
85 silly gunzTarPerm extractEntry deps/leptonica/src/boxfunc4.c
86 silly gunzTarPerm extractEntry deps/leptonica/src/bytearray.c
87 silly gunzTarPerm extractEntry deps/leptonica/src/ccbord.c
88 silly gunzTarPerm extractEntry deps/leptonica/src/ccbord.h
89 silly gunzTarPerm extractEntry deps/leptonica/src/ccthin.c
90 silly gunzTarPerm extractEntry deps/leptonica/src/classapp.c
91 silly gunzTarPerm extractEntry deps/leptonica/src/colorcontent.c
92 silly gunzTarPerm extractEntry deps/leptonica/src/coloring.c
93 silly gunzTarPerm extractEntry deps/leptonica/src/colormap.c
94 silly gunzTarPerm extractEntry deps/leptonica/src/colormorph.c
95 silly gunzTarPerm extractEntry deps/leptonica/src/colorquant1.c
96 silly gunzTarPerm extractEntry deps/leptonica/src/colorquant2.c
97 silly gunzTarPerm extractEntry deps/leptonica/src/colorseg.c
98 silly gunzTarPerm extractEntry deps/leptonica/src/colorspace.c
99 silly gunzTarPerm extractEntry deps/leptonica/src/compare.c
100 silly gunzTarPerm extractEntry deps/leptonica/src/conncomp.c
101 silly gunzTarPerm extractEntry deps/leptonica/src/convertfiles.c
102 silly gunzTarPerm extractEntry deps/leptonica/src/convolve.c
103 silly gunzTarPerm extractEntry deps/leptonica/src/convolvelow.c
104 silly gunzTarPerm extractEntry deps/leptonica/src/correlscore.c
105 silly gunzTarPerm extractEntry deps/leptonica/src/dewarp.c
106 silly gunzTarPerm extractEntry deps/leptonica/src/dewarp.h
107 silly gunzTarPerm extractEntry deps/leptonica/src/dnabasic.c
108 silly gunzTarPerm extractEntry deps/leptonica/src/dwacomb.2.c
109 silly gunzTarPerm extractEntry deps/leptonica/src/dwacomblow.2.c
110 silly gunzTarPerm extractEntry deps/leptonica/src/edge.c
111 silly gunzTarPerm extractEntry deps/leptonica/src/endianness.h
112 silly gunzTarPerm extractEntry deps/leptonica/src/enhance.c
113 silly gunzTarPerm extractEntry deps/leptonica/src/environ.h
114 silly gunzTarPerm extractEntry deps/leptonica/src/fhmtauto.c
115 silly gunzTarPerm extractEntry deps/leptonica/src/fhmtgen.1.c
116 silly gunzTarPerm extractEntry deps/leptonica/src/fhmtgenlow.1.c
117 silly gunzTarPerm extractEntry deps/leptonica/src/finditalic.c
118 silly gunzTarPerm extractEntry deps/leptonica/src/flipdetect.c
119 silly gunzTarPerm extractEntry deps/leptonica/src/fliphmtgen.c
120 silly gunzTarPerm extractEntry deps/leptonica/src/fmorphauto.c
121 silly gunzTarPerm extractEntry deps/leptonica/src/fmorphgen.1.c
122 silly gunzTarPerm extractEntry deps/leptonica/src/fmorphgenlow.1.c
123 silly gunzTarPerm extractEntry deps/leptonica/src/fpix1.c
124 silly gunzTarPerm extractEntry deps/leptonica/src/fpix2.c
125 silly gunzTarPerm extractEntry deps/leptonica/src/freetype.c
126 silly gunzTarPerm extractEntry deps/leptonica/src/freetype.h
127 silly gunzTarPerm extractEntry deps/leptonica/src/gifio.c
128 silly gunzTarPerm extractEntry deps/leptonica/src/gifiostub.c
129 silly gunzTarPerm extractEntry deps/leptonica/src/gplot.c
130 silly gunzTarPerm extractEntry deps/leptonica/src/gplot.h
131 silly gunzTarPerm extractEntry deps/leptonica/src/graphics.c
132 silly gunzTarPerm extractEntry deps/leptonica/src/graymorph.c
133 silly gunzTarPerm extractEntry deps/leptonica/src/graymorphlow.c
134 silly gunzTarPerm extractEntry deps/leptonica/src/grayquant.c
135 silly gunzTarPerm extractEntry deps/leptonica/src/grayquantlow.c
136 silly gunzTarPerm extractEntry deps/leptonica/src/heap.c
137 silly gunzTarPerm extractEntry deps/leptonica/src/heap.h
138 silly gunzTarPerm extractEntry deps/leptonica/src/imageio.h
139 silly gunzTarPerm extractEntry deps/leptonica/src/jbclass.c
140 silly gunzTarPerm extractEntry deps/leptonica/src/jbclass.h
141 silly gunzTarPerm extractEntry deps/leptonica/src/jpegio.c
142 silly gunzTarPerm extractEntry deps/leptonica/src/jpegiostub.c
143 silly gunzTarPerm extractEntry deps/leptonica/src/kernel.c
144 silly gunzTarPerm extractEntry deps/leptonica/src/leptwin.c
145 silly gunzTarPerm extractEntry deps/leptonica/src/leptwin.h
146 silly gunzTarPerm extractEntry deps/leptonica/src/libversions.c
147 silly gunzTarPerm extractEntry deps/leptonica/src/affine.c
148 silly gunzTarPerm extractEntry deps/leptonica/src/list.h
149 silly gunzTarPerm extractEntry deps/leptonica/src/maze.c
150 silly gunzTarPerm extractEntry deps/leptonica/src/morph.c
151 silly gunzTarPerm extractEntry deps/leptonica/src/morph.h
152 silly gunzTarPerm extractEntry deps/leptonica/src/morphapp.c
153 silly gunzTarPerm extractEntry deps/leptonica/src/morphdwa.c
154 silly gunzTarPerm extractEntry deps/leptonica/src/morphseq.c
155 silly gunzTarPerm extractEntry deps/leptonica/src/numabasic.c
156 silly gunzTarPerm extractEntry deps/leptonica/src/numafunc1.c
157 silly gunzTarPerm extractEntry deps/leptonica/src/numafunc2.c
158 silly gunzTarPerm extractEntry deps/leptonica/src/pageseg.c
159 silly gunzTarPerm extractEntry deps/leptonica/src/paintcmap.c
160 silly gunzTarPerm extractEntry deps/leptonica/src/parseprotos.c
161 silly gunzTarPerm extractEntry deps/leptonica/src/partition.c
162 silly gunzTarPerm extractEntry deps/leptonica/src/pdfio.c
163 silly gunzTarPerm extractEntry deps/leptonica/src/pdfiostub.c
164 silly gunzTarPerm extractEntry deps/leptonica/src/pix.h
165 silly gunzTarPerm extractEntry deps/leptonica/src/pix1.c
166 silly gunzTarPerm extractEntry deps/leptonica/src/pix2.c
167 silly gunzTarPerm extractEntry deps/leptonica/src/pix3.c
168 silly gunzTarPerm extractEntry deps/leptonica/src/pix4.c
169 silly gunzTarPerm extractEntry deps/leptonica/src/pix5.c
170 silly gunzTarPerm extractEntry deps/leptonica/src/pixabasic.c
171 silly gunzTarPerm extractEntry deps/leptonica/src/pixacc.c
172 silly gunzTarPerm extractEntry deps/leptonica/src/pixafunc1.c
173 silly gunzTarPerm extractEntry deps/leptonica/src/pixafunc2.c
174 silly gunzTarPerm extractEntry deps/leptonica/src/pixalloc.c
175 silly gunzTarPerm extractEntry deps/leptonica/src/pixarith.c
176 silly gunzTarPerm extractEntry deps/leptonica/src/pixcomp.c
177 silly gunzTarPerm extractEntry deps/leptonica/src/pixconv.c
178 silly gunzTarPerm extractEntry deps/leptonica/src/pixtiling.c
179 silly gunzTarPerm extractEntry deps/leptonica/src/pngio.c
180 silly gunzTarPerm extractEntry deps/leptonica/src/pngiostub.c
181 silly gunzTarPerm extractEntry deps/leptonica/src/pnmio.c
182 silly gunzTarPerm extractEntry deps/leptonica/src/pnmiostub.c
183 silly gunzTarPerm extractEntry deps/leptonica/src/projective.c
184 silly gunzTarPerm extractEntry deps/leptonica/src/psio1.c
185 silly gunzTarPerm extractEntry deps/leptonica/src/psio1stub.c
186 silly gunzTarPerm extractEntry deps/leptonica/src/psio2.c
187 silly gunzTarPerm extractEntry deps/leptonica/src/psio2stub.c
188 silly gunzTarPerm extractEntry deps/leptonica/src/ptabasic.c
189 silly gunzTarPerm extractEntry deps/leptonica/src/ptafunc1.c
190 silly gunzTarPerm extractEntry deps/leptonica/src/ptra.c
191 silly gunzTarPerm extractEntry deps/leptonica/src/ptra.h
192 silly gunzTarPerm extractEntry deps/leptonica/src/quadtree.c
193 silly gunzTarPerm extractEntry deps/leptonica/src/queue.c
194 silly gunzTarPerm extractEntry deps/leptonica/src/queue.h
195 silly gunzTarPerm extractEntry deps/leptonica/src/rank.c
196 silly gunzTarPerm extractEntry deps/leptonica/src/readbarcode.c
197 silly gunzTarPerm extractEntry deps/leptonica/src/readbarcode.h
198 silly gunzTarPerm extractEntry deps/leptonica/src/readfile.c
199 silly gunzTarPerm extractEntry deps/leptonica/src/regutils.c
200 silly gunzTarPerm extractEntry deps/leptonica/src/regutils.h
201 silly gunzTarPerm extractEntry deps/leptonica/src/rop.c
202 silly gunzTarPerm extractEntry deps/leptonica/src/ropiplow.c
203 silly gunzTarPerm extractEntry deps/leptonica/src/roplow.c
204 silly gunzTarPerm extractEntry deps/leptonica/src/rotate.c
205 silly gunzTarPerm extractEntry deps/leptonica/src/rotateam.c
206 silly gunzTarPerm extractEntry deps/leptonica/src/rotateamlow.c
207 silly gunzTarPerm extractEntry deps/leptonica/src/rotateorth.c
208 silly gunzTarPerm extractEntry deps/leptonica/src/rotateorthlow.c
209 silly gunzTarPerm extractEntry deps/leptonica/src/rotateshear.c
210 silly gunzTarPerm extractEntry deps/leptonica/src/runlength.c
211 silly gunzTarPerm extractEntry deps/leptonica/src/sarray.c
212 silly gunzTarPerm extractEntry deps/leptonica/src/scale.c
213 silly gunzTarPerm extractEntry deps/leptonica/src/scalelow.c
214 silly gunzTarPerm extractEntry deps/leptonica/src/seedfill.c
215 silly gunzTarPerm extractEntry deps/leptonica/src/seedfilllow.c
216 silly gunzTarPerm extractEntry deps/leptonica/src/sel1.c
217 silly gunzTarPerm extractEntry deps/leptonica/src/sel2.c
218 silly gunzTarPerm extractEntry deps/leptonica/src/selgen.c
219 silly gunzTarPerm extractEntry deps/leptonica/src/shear.c
220 silly gunzTarPerm extractEntry deps/leptonica/src/skew.c
221 silly gunzTarPerm extractEntry deps/leptonica/src/spixio.c
222 silly gunzTarPerm extractEntry deps/leptonica/src/stack.c
223 silly gunzTarPerm extractEntry deps/leptonica/src/stack.h
224 silly gunzTarPerm extractEntry deps/leptonica/src/sudoku.c
225 silly gunzTarPerm extractEntry deps/leptonica/src/sudoku.h
226 silly gunzTarPerm extractEntry deps/leptonica/src/textops.c
227 silly gunzTarPerm extractEntry deps/leptonica/src/tiffio.c
228 silly gunzTarPerm extractEntry deps/leptonica/src/tiffiostub.c
229 silly gunzTarPerm extractEntry deps/leptonica/src/utils.c
230 silly gunzTarPerm extractEntry deps/leptonica/src/viewfiles.c
231 silly gunzTarPerm extractEntry deps/leptonica/src/warper.c
232 silly gunzTarPerm extractEntry deps/leptonica/src/watershed.c
233 silly gunzTarPerm extractEntry deps/leptonica/src/watershed.h
234 silly gunzTarPerm extractEntry deps/leptonica/src/webpio.c
235 silly gunzTarPerm extractEntry deps/leptonica/src/webpiostub.c
236 silly gunzTarPerm extractEntry deps/leptonica/src/writefile.c
237 silly gunzTarPerm extractEntry deps/leptonica/src/zlibmem.c
238 silly gunzTarPerm extractEntry deps/leptonica/src/zlibmemstub.c
239 silly gunzTarPerm extractEntry deps/tesseract/dict/permute.cpp
240 silly gunzTarPerm extractEntry deps/tesseract/dict/context.cpp
241 silly gunzTarPerm extractEntry deps/tesseract/dict/dawg.h
242 silly gunzTarPerm extractEntry deps/tesseract/dict/dict.cpp
243 silly gunzTarPerm extractEntry deps/tesseract/dict/dict.h
244 silly gunzTarPerm extractEntry deps/tesseract/dict/hyphen.cpp
245 silly gunzTarPerm extractEntry deps/tesseract/dict/matchdefs.h
246 silly gunzTarPerm extractEntry deps/tesseract/dict/permdawg.cpp
247 silly gunzTarPerm extractEntry deps/tesseract/dict/dawg.cpp
248 silly gunzTarPerm extractEntry deps/tesseract/dict/permute.h
249 silly gunzTarPerm extractEntry deps/tesseract/dict/states.cpp
250 silly gunzTarPerm extractEntry deps/tesseract/dict/states.h
251 silly gunzTarPerm extractEntry deps/tesseract/dict/stopper.cpp
252 silly gunzTarPerm extractEntry deps/tesseract/dict/stopper.h
253 silly gunzTarPerm extractEntry deps/tesseract/dict/trie.cpp
254 silly gunzTarPerm extractEntry deps/tesseract/dict/trie.h
255 silly gunzTarPerm extractEntry deps/tesseract/api/apitypes.h
256 silly gunzTarPerm extractEntry deps/tesseract/api/baseapi.cpp
257 silly gunzTarPerm extractEntry deps/tesseract/api/baseapi.h
258 silly gunzTarPerm extractEntry deps/tesseract/api/capi.cpp
259 silly gunzTarPerm extractEntry deps/tesseract/api/capi.h
260 silly gunzTarPerm extractEntry deps/tesseract/api/tesseractmain.cpp
261 silly gunzTarPerm extractEntry deps/tesseract/api/tesseractmain.h
262 silly gunzTarPerm extractEntry deps/tesseract/api/version.h
263 silly gunzTarPerm extractEntry deps/tesseract/ccstruct/ocrrow.h
264 silly gunzTarPerm extractEntry deps/tesseract/ccstruct/blckerr.h
265 silly gunzTarPerm extractEntry deps/tesseract/ccstruct/blobbox.h
266 silly gunzTarPerm extractEntry deps/tesseract/ccstruct/blobs.cpp
267 silly gunzTarPerm extractEntry deps/tesseract/ccstruct/blobs.h
268 silly gunzTarPerm extractEntry deps/tesseract/ccstruct/blread.cpp
269 silly gunzTarPerm extractEntry deps/tesseract/ccstruct/blread.h
270 silly gunzTarPerm extractEntry deps/tesseract/ccstruct/boxread.cpp
271 silly gunzTarPerm extractEntry deps/tesseract/ccstruct/boxread.h
272 silly gunzTarPerm extractEntry deps/tesseract/ccstruct/boxword.cpp
273 silly gunzTarPerm extractEntry deps/tesseract/ccstruct/boxword.h
274 silly gunzTarPerm extractEntry deps/tesseract/ccstruct/ccstruct.cpp
275 silly gunzTarPerm extractEntry deps/tesseract/ccstruct/ccstruct.h
276 silly gunzTarPerm extractEntry deps/tesseract/ccstruct/coutln.cpp
277 silly gunzTarPerm extractEntry deps/tesseract/ccstruct/coutln.h
278 silly gunzTarPerm extractEntry deps/tesseract/ccstruct/crakedge.h
279 silly gunzTarPerm extractEntry deps/tesseract/ccstruct/detlinefit.cpp
280 silly gunzTarPerm extractEntry deps/tesseract/ccstruct/detlinefit.h
281 silly gunzTarPerm extractEntry deps/tesseract/ccstruct/dppoint.cpp
282 silly gunzTarPerm extractEntry deps/tesseract/ccstruct/dppoint.h
283 silly gunzTarPerm extractEntry deps/tesseract/ccstruct/fontinfo.cpp
284 silly gunzTarPerm extractEntry deps/tesseract/ccstruct/fontinfo.h
285 silly gunzTarPerm extractEntry deps/tesseract/ccstruct/genblob.cpp
286 silly gunzTarPerm extractEntry deps/tesseract/ccstruct/genblob.h
287 silly gunzTarPerm extractEntry deps/tesseract/ccstruct/hpddef.h
288 silly gunzTarPerm extractEntry deps/tesseract/ccstruct/hpdsizes.h
289 silly gunzTarPerm extractEntry deps/tesseract/ccstruct/ipoints.h
290 silly gunzTarPerm extractEntry deps/tesseract/ccstruct/linlsq.cpp
291 silly gunzTarPerm extractEntry deps/tesseract/ccstruct/linlsq.h
292 silly gunzTarPerm extractEntry deps/tesseract/ccstruct/matrix.cpp
293 silly gunzTarPerm extractEntry deps/tesseract/ccstruct/matrix.h
294 silly gunzTarPerm extractEntry deps/tesseract/ccstruct/mod128.cpp
295 silly gunzTarPerm extractEntry deps/tesseract/ccstruct/mod128.h
296 silly gunzTarPerm extractEntry deps/tesseract/ccstruct/normalis.cpp
297 silly gunzTarPerm extractEntry deps/tesseract/ccstruct/normalis.h
298 silly gunzTarPerm extractEntry deps/tesseract/ccstruct/ocrblock.cpp
299 silly gunzTarPerm extractEntry deps/tesseract/ccstruct/ocrblock.h
300 silly gunzTarPerm extractEntry deps/tesseract/ccstruct/ocrpara.cpp
301 silly gunzTarPerm extractEntry deps/tesseract/ccstruct/ocrpara.h
302 silly gunzTarPerm extractEntry deps/tesseract/ccstruct/ocrrow.cpp
303 silly gunzTarPerm extractEntry deps/tesseract/ccstruct/blobbox.cpp
304 silly gunzTarPerm extractEntry deps/tesseract/ccstruct/otsuthr.cpp
305 silly gunzTarPerm extractEntry deps/tesseract/ccstruct/otsuthr.h
306 silly gunzTarPerm extractEntry deps/tesseract/ccstruct/pageres.cpp
307 silly gunzTarPerm extractEntry deps/tesseract/ccstruct/pageres.h
308 silly gunzTarPerm extractEntry deps/tesseract/ccstruct/params_training_featdef.h
309 silly gunzTarPerm extractEntry deps/tesseract/ccstruct/pdblock.cpp
310 silly gunzTarPerm extractEntry deps/tesseract/ccstruct/pdblock.h
311 silly gunzTarPerm extractEntry deps/tesseract/ccstruct/points.cpp
312 silly gunzTarPerm extractEntry deps/tesseract/ccstruct/points.h
313 silly gunzTarPerm extractEntry deps/tesseract/ccstruct/polyaprx.cpp
314 silly gunzTarPerm extractEntry deps/tesseract/ccstruct/polyaprx.h
315 silly gunzTarPerm extractEntry deps/tesseract/ccstruct/polyblk.cpp
316 silly gunzTarPerm extractEntry deps/tesseract/ccstruct/polyblk.h
317 silly gunzTarPerm extractEntry deps/tesseract/ccstruct/publictypes.cpp
318 silly gunzTarPerm extractEntry deps/tesseract/ccstruct/publictypes.h
319 silly gunzTarPerm extractEntry deps/tesseract/ccstruct/quadlsq.cpp
320 silly gunzTarPerm extractEntry deps/tesseract/ccstruct/quadlsq.h
321 silly gunzTarPerm extractEntry deps/tesseract/ccstruct/quadratc.cpp
322 silly gunzTarPerm extractEntry deps/tesseract/ccstruct/quadratc.h
323 silly gunzTarPerm extractEntry deps/tesseract/ccstruct/quspline.cpp
324 silly gunzTarPerm extractEntry deps/tesseract/ccstruct/quspline.h
325 silly gunzTarPerm extractEntry deps/tesseract/ccstruct/ratngs.cpp
326 silly gunzTarPerm extractEntry deps/tesseract/ccstruct/ratngs.h
327 silly gunzTarPerm extractEntry deps/tesseract/ccstruct/rect.cpp
328 silly gunzTarPerm extractEntry deps/tesseract/ccstruct/rect.h
329 silly gunzTarPerm extractEntry deps/tesseract/ccstruct/rejctmap.cpp
330 silly gunzTarPerm extractEntry deps/tesseract/ccstruct/rejctmap.h
331 silly gunzTarPerm extractEntry deps/tesseract/ccstruct/seam.cpp
332 silly gunzTarPerm extractEntry deps/tesseract/ccstruct/seam.h
333 silly gunzTarPerm extractEntry deps/tesseract/ccstruct/split.cpp
334 silly gunzTarPerm extractEntry deps/tesseract/ccstruct/split.h
335 silly gunzTarPerm extractEntry deps/tesseract/ccstruct/statistc.cpp
336 silly gunzTarPerm extractEntry deps/tesseract/ccstruct/statistc.h
337 silly gunzTarPerm extractEntry deps/tesseract/ccstruct/stepblob.cpp
338 silly gunzTarPerm extractEntry deps/tesseract/ccstruct/stepblob.h
339 silly gunzTarPerm extractEntry deps/tesseract/ccstruct/vecfuncs.cpp
340 silly gunzTarPerm extractEntry deps/tesseract/ccstruct/vecfuncs.h
341 silly gunzTarPerm extractEntry deps/tesseract/ccstruct/werd.cpp
342 silly gunzTarPerm extractEntry deps/tesseract/ccstruct/werd.h
343 silly gunzTarPerm extractEntry deps/tesseract/ccutil/mfcpch.cpp
344 silly gunzTarPerm extractEntry deps/tesseract/ccutil/ambigs.cpp
345 silly gunzTarPerm extractEntry deps/tesseract/ccutil/basedir.cpp
346 silly gunzTarPerm extractEntry deps/tesseract/ccutil/basedir.h
347 silly gunzTarPerm extractEntry deps/tesseract/ccutil/bits16.cpp
348 silly gunzTarPerm extractEntry deps/tesseract/ccutil/bits16.h
349 silly gunzTarPerm extractEntry deps/tesseract/ccutil/bitvector.cpp
350 silly gunzTarPerm extractEntry deps/tesseract/ccutil/bitvector.h
351 silly gunzTarPerm extractEntry deps/tesseract/ccutil/ccutil.cpp
352 silly gunzTarPerm extractEntry deps/tesseract/ccutil/ccutil.h
353 silly gunzTarPerm extractEntry deps/tesseract/ccutil/clst.cpp
354 silly gunzTarPerm extractEntry deps/tesseract/ccutil/clst.h
355 silly gunzTarPerm extractEntry deps/tesseract/ccutil/elst.cpp
356 silly gunzTarPerm extractEntry deps/tesseract/ccutil/elst.h
357 silly gunzTarPerm extractEntry deps/tesseract/ccutil/elst2.cpp
358 silly gunzTarPerm extractEntry deps/tesseract/ccutil/elst2.h
359 silly gunzTarPerm extractEntry deps/tesseract/ccutil/errcode.cpp
360 silly gunzTarPerm extractEntry deps/tesseract/ccutil/errcode.h
361 silly gunzTarPerm extractEntry deps/tesseract/ccutil/fileerr.h
362 silly gunzTarPerm extractEntry deps/tesseract/ccutil/genericvector.h
363 silly gunzTarPerm extractEntry deps/tesseract/ccutil/globaloc.cpp
364 silly gunzTarPerm extractEntry deps/tesseract/ccutil/globaloc.h
365 silly gunzTarPerm extractEntry deps/tesseract/ccutil/hashfn.cpp
366 silly gunzTarPerm extractEntry deps/tesseract/ccutil/hashfn.h
367 silly gunzTarPerm extractEntry deps/tesseract/ccutil/helpers.h
368 silly gunzTarPerm extractEntry deps/tesseract/ccutil/host.h
369 silly gunzTarPerm extractEntry deps/tesseract/ccutil/hosthplb.h
370 silly gunzTarPerm extractEntry deps/tesseract/ccutil/indexmapbidi.cpp
371 silly gunzTarPerm extractEntry deps/tesseract/ccutil/indexmapbidi.h
372 silly gunzTarPerm extractEntry deps/tesseract/ccutil/lsterr.h
373 silly gunzTarPerm extractEntry deps/tesseract/ccutil/mainblk.cpp
374 silly gunzTarPerm extractEntry deps/tesseract/ccutil/memry.cpp
375 silly gunzTarPerm extractEntry deps/tesseract/ccutil/memry.h
376 silly gunzTarPerm extractEntry deps/tesseract/ccutil/ambigs.h
377 silly gunzTarPerm extractEntry deps/tesseract/ccutil/mfcpch.h
378 silly gunzTarPerm extractEntry deps/tesseract/ccutil/ndminx.h
379 silly gunzTarPerm extractEntry deps/tesseract/ccutil/notdll.h
380 silly gunzTarPerm extractEntry deps/tesseract/ccutil/nwmain.h
381 silly gunzTarPerm extractEntry deps/tesseract/ccutil/ocrclass.h
382 silly gunzTarPerm extractEntry deps/tesseract/ccutil/params.cpp
383 silly gunzTarPerm extractEntry deps/tesseract/ccutil/params.h
384 silly gunzTarPerm extractEntry deps/tesseract/ccutil/platform.h
385 silly gunzTarPerm extractEntry deps/tesseract/ccutil/qrsequence.h
386 silly gunzTarPerm extractEntry deps/tesseract/ccutil/scanutils.cpp
387 silly gunzTarPerm extractEntry deps/tesseract/ccutil/scanutils.h
388 silly gunzTarPerm extractEntry deps/tesseract/ccutil/secname.h
389 silly gunzTarPerm extractEntry deps/tesseract/ccutil/serialis.cpp
390 silly gunzTarPerm extractEntry deps/tesseract/ccutil/serialis.h
391 silly gunzTarPerm extractEntry deps/tesseract/ccutil/sorthelper.h
392 silly gunzTarPerm extractEntry deps/tesseract/ccutil/stderr.h
393 silly gunzTarPerm extractEntry deps/tesseract/ccutil/strngs.cpp
394 silly gunzTarPerm extractEntry deps/tesseract/ccutil/strngs.h
395 silly gunzTarPerm extractEntry deps/tesseract/ccutil/tesscallback.h
396 silly gunzTarPerm extractEntry deps/tesseract/ccutil/tessdatamanager.cpp
397 silly gunzTarPerm extractEntry deps/tesseract/ccutil/tessdatamanager.h
398 silly gunzTarPerm extractEntry deps/tesseract/ccutil/tprintf.cpp
399 silly gunzTarPerm extractEntry deps/tesseract/ccutil/tprintf.h
400 silly gunzTarPerm extractEntry deps/tesseract/ccutil/unichar.cpp
401 silly gunzTarPerm extractEntry deps/tesseract/ccutil/unichar.h
402 silly gunzTarPerm extractEntry deps/tesseract/ccutil/unicharmap.cpp
403 silly gunzTarPerm extractEntry deps/tesseract/ccutil/unicharmap.h
404 silly gunzTarPerm extractEntry deps/tesseract/ccutil/unicharset.cpp
405 silly gunzTarPerm extractEntry deps/tesseract/ccutil/unicharset.h
406 silly gunzTarPerm extractEntry deps/tesseract/ccutil/unicity_table.h
407 silly gunzTarPerm extractEntry deps/tesseract/ccutil/unicodes.cpp
408 silly gunzTarPerm extractEntry deps/tesseract/ccutil/unicodes.h
409 silly gunzTarPerm extractEntry deps/tesseract/classify/intproto.cpp
410 silly gunzTarPerm extractEntry deps/tesseract/classify/adaptive.cpp
411 silly gunzTarPerm extractEntry deps/tesseract/classify/adaptmatch.cpp
412 silly gunzTarPerm extractEntry deps/tesseract/classify/baseline.h
413 silly gunzTarPerm extractEntry deps/tesseract/classify/blobclass.cpp
414 silly gunzTarPerm extractEntry deps/tesseract/classify/blobclass.h
415 silly gunzTarPerm extractEntry deps/tesseract/classify/chartoname.cpp
416 silly gunzTarPerm extractEntry deps/tesseract/classify/chartoname.h
417 silly gunzTarPerm extractEntry deps/tesseract/classify/classify.cpp
418 silly gunzTarPerm extractEntry deps/tesseract/classify/classify.h
419 silly gunzTarPerm extractEntry deps/tesseract/classify/cluster.cpp
420 silly gunzTarPerm extractEntry deps/tesseract/classify/cluster.h
421 silly gunzTarPerm extractEntry deps/tesseract/classify/clusttool.cpp
422 silly gunzTarPerm extractEntry deps/tesseract/classify/clusttool.h
423 silly gunzTarPerm extractEntry deps/tesseract/classify/cutoffs.cpp
424 silly gunzTarPerm extractEntry deps/tesseract/classify/cutoffs.h
425 silly gunzTarPerm extractEntry deps/tesseract/classify/errorcounter.cpp
426 silly gunzTarPerm extractEntry deps/tesseract/classify/errorcounter.h
427 silly gunzTarPerm extractEntry deps/tesseract/classify/extern.h
428 silly gunzTarPerm extractEntry deps/tesseract/classify/extract.cpp
429 silly gunzTarPerm extractEntry deps/tesseract/classify/extract.h
430 silly gunzTarPerm extractEntry deps/tesseract/classify/featdefs.cpp
431 silly gunzTarPerm extractEntry deps/tesseract/classify/featdefs.h
432 silly gunzTarPerm extractEntry deps/tesseract/classify/flexfx.cpp
433 silly gunzTarPerm extractEntry deps/tesseract/classify/flexfx.h
434 silly gunzTarPerm extractEntry deps/tesseract/classify/float2int.cpp
435 silly gunzTarPerm extractEntry deps/tesseract/classify/float2int.h
436 silly gunzTarPerm extractEntry deps/tesseract/classify/fpoint.cpp
437 silly gunzTarPerm extractEntry deps/tesseract/classify/fpoint.h
438 silly gunzTarPerm extractEntry deps/tesseract/classify/fxdefs.cpp
439 silly gunzTarPerm extractEntry deps/tesseract/classify/fxdefs.h
440 silly gunzTarPerm extractEntry deps/tesseract/classify/intfeaturedist.cpp
441 silly gunzTarPerm extractEntry deps/tesseract/classify/intfeaturedist.h
442 silly gunzTarPerm extractEntry deps/tesseract/classify/intfeaturemap.cpp
443 silly gunzTarPerm extractEntry deps/tesseract/classify/intfeaturemap.h
444 silly gunzTarPerm extractEntry deps/tesseract/classify/intfeaturespace.cpp
445 silly gunzTarPerm extractEntry deps/tesseract/classify/intfeaturespace.h
446 silly gunzTarPerm extractEntry deps/tesseract/classify/intfx.cpp
447 silly gunzTarPerm extractEntry deps/tesseract/classify/intfx.h
448 silly gunzTarPerm extractEntry deps/tesseract/classify/intmatcher.cpp
449 silly gunzTarPerm extractEntry deps/tesseract/classify/intmatcher.h
450 silly gunzTarPerm extractEntry deps/tesseract/classify/adaptive.h
451 silly gunzTarPerm extractEntry deps/tesseract/classify/intproto.h
452 silly gunzTarPerm extractEntry deps/tesseract/classify/kdtree.cpp
453 silly gunzTarPerm extractEntry deps/tesseract/classify/kdtree.h
454 silly gunzTarPerm extractEntry deps/tesseract/classify/mastertrainer.cpp
455 silly gunzTarPerm extractEntry deps/tesseract/classify/mastertrainer.h
456 silly gunzTarPerm extractEntry deps/tesseract/classify/mf.cpp
457 silly gunzTarPerm extractEntry deps/tesseract/classify/mf.h
458 silly gunzTarPerm extractEntry deps/tesseract/classify/mfdefs.cpp
459 silly gunzTarPerm extractEntry deps/tesseract/classify/mfdefs.h
460 silly gunzTarPerm extractEntry deps/tesseract/classify/mfoutline.cpp
461 silly gunzTarPerm extractEntry deps/tesseract/classify/mfoutline.h
462 silly gunzTarPerm extractEntry deps/tesseract/classify/mfx.cpp
463 silly gunzTarPerm extractEntry deps/tesseract/classify/mfx.h
464 silly gunzTarPerm extractEntry deps/tesseract/classify/normfeat.cpp
465 silly gunzTarPerm extractEntry deps/tesseract/classify/normfeat.h
466 silly gunzTarPerm extractEntry deps/tesseract/classify/normmatch.cpp
467 silly gunzTarPerm extractEntry deps/tesseract/classify/normmatch.h
468 silly gunzTarPerm extractEntry deps/tesseract/classify/ocrfeatures.cpp
469 silly gunzTarPerm extractEntry deps/tesseract/classify/ocrfeatures.h
470 silly gunzTarPerm extractEntry deps/tesseract/classify/outfeat.cpp
471 silly gunzTarPerm extractEntry deps/tesseract/classify/outfeat.h
472 silly gunzTarPerm extractEntry deps/tesseract/classify/picofeat.cpp
473 silly gunzTarPerm extractEntry deps/tesseract/classify/picofeat.h
474 silly gunzTarPerm extractEntry deps/tesseract/classify/protos.cpp
475 silly gunzTarPerm extractEntry deps/tesseract/classify/protos.h
476 silly gunzTarPerm extractEntry deps/tesseract/classify/sampleiterator.cpp
477 silly gunzTarPerm extractEntry deps/tesseract/classify/sampleiterator.h
478 silly gunzTarPerm extractEntry deps/tesseract/classify/shapeclassifier.h
479 silly gunzTarPerm extractEntry deps/tesseract/classify/shapetable.cpp
480 silly gunzTarPerm extractEntry deps/tesseract/classify/shapetable.h
481 silly gunzTarPerm extractEntry deps/tesseract/classify/speckle.cpp
482 silly gunzTarPerm extractEntry deps/tesseract/classify/speckle.h
483 silly gunzTarPerm extractEntry deps/tesseract/classify/tessclassifier.cpp
484 silly gunzTarPerm extractEntry deps/tesseract/classify/tessclassifier.h
485 silly gunzTarPerm extractEntry deps/tesseract/classify/trainingsample.cpp
486 silly gunzTarPerm extractEntry deps/tesseract/classify/trainingsample.h
487 silly gunzTarPerm extractEntry deps/tesseract/classify/trainingsampleset.cpp
488 silly gunzTarPerm extractEntry deps/tesseract/classify/trainingsampleset.h
489 silly gunzTarPerm extractEntry deps/tesseract/classify/xform2d.cpp
490 silly gunzTarPerm extractEntry deps/tesseract/classify/xform2d.h
491 silly gunzTarPerm extractEntry deps/tesseract/COPYING
492 silly gunzTarPerm extractEntry deps/tesseract/cube/cube_search_object.h
493 silly gunzTarPerm extractEntry deps/tesseract/cube/altlist.cpp
494 silly gunzTarPerm extractEntry deps/tesseract/cube/beam_search.cpp
495 silly gunzTarPerm extractEntry deps/tesseract/cube/beam_search.h
496 silly gunzTarPerm extractEntry deps/tesseract/cube/bmp_8.cpp
497 silly gunzTarPerm extractEntry deps/tesseract/cube/bmp_8.h
498 silly gunzTarPerm extractEntry deps/tesseract/cube/cached_file.cpp
499 silly gunzTarPerm extractEntry deps/tesseract/cube/cached_file.h
500 silly gunzTarPerm extractEntry deps/tesseract/cube/char_altlist.cpp
501 silly gunzTarPerm extractEntry deps/tesseract/cube/char_altlist.h
502 silly gunzTarPerm extractEntry deps/tesseract/cube/char_bigrams.cpp
503 silly gunzTarPerm extractEntry deps/tesseract/cube/char_bigrams.h
504 silly gunzTarPerm extractEntry deps/tesseract/cube/char_samp.cpp
505 silly gunzTarPerm extractEntry deps/tesseract/cube/char_samp.h
506 silly gunzTarPerm extractEntry deps/tesseract/cube/char_samp_enum.cpp
507 silly gunzTarPerm extractEntry deps/tesseract/cube/char_samp_enum.h
508 silly gunzTarPerm extractEntry deps/tesseract/cube/char_samp_set.cpp
509 silly gunzTarPerm extractEntry deps/tesseract/cube/char_samp_set.h
510 silly gunzTarPerm extractEntry deps/tesseract/cube/char_set.cpp
511 silly gunzTarPerm extractEntry deps/tesseract/cube/char_set.h
512 silly gunzTarPerm extractEntry deps/tesseract/cube/classifier_base.h
513 silly gunzTarPerm extractEntry deps/tesseract/cube/classifier_factory.cpp
514 silly gunzTarPerm extractEntry deps/tesseract/cube/classifier_factory.h
515 silly gunzTarPerm extractEntry deps/tesseract/cube/con_comp.cpp
516 silly gunzTarPerm extractEntry deps/tesseract/cube/con_comp.h
517 silly gunzTarPerm extractEntry deps/tesseract/cube/conv_net_classifier.cpp
518 silly gunzTarPerm extractEntry deps/tesseract/cube/conv_net_classifier.h
519 silly gunzTarPerm extractEntry deps/tesseract/cube/cube_const.h
520 silly gunzTarPerm extractEntry deps/tesseract/cube/cube_line_object.cpp
521 silly gunzTarPerm extractEntry deps/tesseract/cube/cube_line_object.h
522 silly gunzTarPerm extractEntry deps/tesseract/cube/cube_line_segmenter.cpp
523 silly gunzTarPerm extractEntry deps/tesseract/cube/cube_line_segmenter.h
524 silly gunzTarPerm extractEntry deps/tesseract/cube/cube_object.cpp
525 silly gunzTarPerm extractEntry deps/tesseract/cube/cube_object.h
526 silly gunzTarPerm extractEntry deps/tesseract/cube/cube_search_object.cpp
527 silly gunzTarPerm extractEntry deps/tesseract/cube/altlist.h
528 silly gunzTarPerm extractEntry deps/tesseract/cube/cube_tuning_params.cpp
529 silly gunzTarPerm extractEntry deps/tesseract/cube/cube_tuning_params.h
530 silly gunzTarPerm extractEntry deps/tesseract/cube/cube_utils.cpp
531 silly gunzTarPerm extractEntry deps/tesseract/cube/cube_utils.h
532 silly gunzTarPerm extractEntry deps/tesseract/cube/feature_base.h
533 silly gunzTarPerm extractEntry deps/tesseract/cube/feature_bmp.cpp
534 silly gunzTarPerm extractEntry deps/tesseract/cube/feature_bmp.h
535 silly gunzTarPerm extractEntry deps/tesseract/cube/feature_chebyshev.cpp
536 silly gunzTarPerm extractEntry deps/tesseract/cube/feature_chebyshev.h
537 silly gunzTarPerm extractEntry deps/tesseract/cube/feature_hybrid.cpp
538 silly gunzTarPerm extractEntry deps/tesseract/cube/feature_hybrid.h
539 silly gunzTarPerm extractEntry deps/tesseract/cube/hybrid_neural_net_classifier.cpp
540 silly gunzTarPerm extractEntry deps/tesseract/cube/hybrid_neural_net_classifier.h
541 silly gunzTarPerm extractEntry deps/tesseract/cube/lang_mod_edge.h
542 silly gunzTarPerm extractEntry deps/tesseract/cube/lang_model.h
543 silly gunzTarPerm extractEntry deps/tesseract/cube/search_column.cpp
544 silly gunzTarPerm extractEntry deps/tesseract/cube/search_column.h
545 silly gunzTarPerm extractEntry deps/tesseract/cube/search_node.cpp
546 silly gunzTarPerm extractEntry deps/tesseract/cube/search_node.h
547 silly gunzTarPerm extractEntry deps/tesseract/cube/search_object.h
548 silly gunzTarPerm extractEntry deps/tesseract/cube/string_32.h
549 silly gunzTarPerm extractEntry deps/tesseract/cube/tess_lang_mod_edge.cpp
550 silly gunzTarPerm extractEntry deps/tesseract/cube/tess_lang_mod_edge.h
551 silly gunzTarPerm extractEntry deps/tesseract/cube/tess_lang_model.cpp
552 silly gunzTarPerm extractEntry deps/tesseract/cube/tess_lang_model.h
553 silly gunzTarPerm extractEntry deps/tesseract/cube/tuning_params.h
554 silly gunzTarPerm extractEntry deps/tesseract/cube/word_altlist.cpp
555 silly gunzTarPerm extractEntry deps/tesseract/cube/word_altlist.h
556 silly gunzTarPerm extractEntry deps/tesseract/cube/word_list_lang_model.cpp
557 silly gunzTarPerm extractEntry deps/tesseract/cube/word_list_lang_model.h
558 silly gunzTarPerm extractEntry deps/tesseract/cube/word_size_model.cpp
559 silly gunzTarPerm extractEntry deps/tesseract/cube/word_size_model.h
560 silly gunzTarPerm extractEntry deps/tesseract/cube/word_unigrams.cpp
561 silly gunzTarPerm extractEntry deps/tesseract/cube/word_unigrams.h
562 silly gunzTarPerm extractEntry deps/tesseract/cutil/emalloc.h
563 silly gunzTarPerm extractEntry deps/tesseract/cutil/bitvec.cpp
564 silly gunzTarPerm extractEntry deps/tesseract/cutil/callcpp.cpp
565 silly gunzTarPerm extractEntry deps/tesseract/cutil/callcpp.h
566 silly gunzTarPerm extractEntry deps/tesseract/cutil/const.h
567 silly gunzTarPerm extractEntry deps/tesseract/cutil/cutil.cpp
568 silly gunzTarPerm extractEntry deps/tesseract/cutil/cutil.h
569 silly gunzTarPerm extractEntry deps/tesseract/cutil/cutil_class.cpp
570 silly gunzTarPerm extractEntry deps/tesseract/cutil/cutil_class.h
571 silly gunzTarPerm extractEntry deps/tesseract/cutil/danerror.cpp
572 silly gunzTarPerm extractEntry deps/tesseract/cutil/danerror.h
573 silly gunzTarPerm extractEntry deps/tesseract/cutil/efio.cpp
574 silly gunzTarPerm extractEntry deps/tesseract/cutil/efio.h
575 silly gunzTarPerm extractEntry deps/tesseract/cutil/emalloc.cpp
576 silly gunzTarPerm extractEntry deps/tesseract/cutil/bitvec.h
577 silly gunzTarPerm extractEntry deps/tesseract/cutil/freelist.cpp
578 silly gunzTarPerm extractEntry deps/tesseract/cutil/freelist.h
579 silly gunzTarPerm extractEntry deps/tesseract/cutil/globals.h
580 silly gunzTarPerm extractEntry deps/tesseract/cutil/listio.cpp
581 silly gunzTarPerm extractEntry deps/tesseract/cutil/listio.h
582 silly gunzTarPerm extractEntry deps/tesseract/cutil/oldheap.cpp
583 silly gunzTarPerm extractEntry deps/tesseract/cutil/oldheap.h
584 silly gunzTarPerm extractEntry deps/tesseract/cutil/oldlist.cpp
585 silly gunzTarPerm extractEntry deps/tesseract/cutil/oldlist.h
586 silly gunzTarPerm extractEntry deps/tesseract/cutil/structures.cpp
587 silly gunzTarPerm extractEntry deps/tesseract/cutil/structures.h
588 silly gunzTarPerm extractEntry deps/tesseract/cutil/tessarray.cpp
589 silly gunzTarPerm extractEntry deps/tesseract/cutil/tessarray.h
590 silly gunzTarPerm extractEntry deps/tesseract/ccmain/paragraphs.h
591 silly gunzTarPerm extractEntry deps/tesseract/ccmain/adaptions.cpp
592 silly gunzTarPerm extractEntry deps/tesseract/ccmain/control.cpp
593 silly gunzTarPerm extractEntry deps/tesseract/ccmain/control.h
594 silly gunzTarPerm extractEntry deps/tesseract/ccmain/cube_control.cpp
595 silly gunzTarPerm extractEntry deps/tesseract/ccmain/cube_reco_context.cpp
596 silly gunzTarPerm extractEntry deps/tesseract/ccmain/cube_reco_context.h
597 silly gunzTarPerm extractEntry deps/tesseract/ccmain/cubeclassifier.cpp
598 silly gunzTarPerm extractEntry deps/tesseract/ccmain/cubeclassifier.h
599 silly gunzTarPerm extractEntry deps/tesseract/ccmain/docqual.cpp
600 silly gunzTarPerm extractEntry deps/tesseract/ccmain/docqual.h
601 silly gunzTarPerm extractEntry deps/tesseract/ccmain/equationdetect.cpp
602 silly gunzTarPerm extractEntry deps/tesseract/ccmain/equationdetect.h
603 silly gunzTarPerm extractEntry deps/tesseract/ccmain/fixspace.cpp
604 silly gunzTarPerm extractEntry deps/tesseract/ccmain/fixspace.h
605 silly gunzTarPerm extractEntry deps/tesseract/ccmain/fixxht.cpp
606 silly gunzTarPerm extractEntry deps/tesseract/ccmain/imgscale.cpp
607 silly gunzTarPerm extractEntry deps/tesseract/ccmain/imgscale.h
608 silly gunzTarPerm extractEntry deps/tesseract/ccmain/ltrresultiterator.cpp
609 silly gunzTarPerm extractEntry deps/tesseract/ccmain/ltrresultiterator.h
610 silly gunzTarPerm extractEntry deps/tesseract/ccmain/mutableiterator.h
611 silly gunzTarPerm extractEntry deps/tesseract/ccmain/osdetect.cpp
612 silly gunzTarPerm extractEntry deps/tesseract/ccmain/osdetect.h
613 silly gunzTarPerm extractEntry deps/tesseract/ccmain/output.cpp
614 silly gunzTarPerm extractEntry deps/tesseract/ccmain/output.h
615 silly gunzTarPerm extractEntry deps/tesseract/ccmain/pageiterator.cpp
616 silly gunzTarPerm extractEntry deps/tesseract/ccmain/pageiterator.h
617 silly gunzTarPerm extractEntry deps/tesseract/ccmain/pagesegmain.cpp
618 silly gunzTarPerm extractEntry deps/tesseract/ccmain/pagewalk.cpp
619 silly gunzTarPerm extractEntry deps/tesseract/ccmain/paragraphs.cpp
620 silly gunzTarPerm extractEntry deps/tesseract/ccmain/applybox.cpp
621 silly gunzTarPerm extractEntry deps/tesseract/ccmain/paragraphs_internal.h
622 silly gunzTarPerm extractEntry deps/tesseract/ccmain/paramsd.cpp
623 silly gunzTarPerm extractEntry deps/tesseract/ccmain/paramsd.h
624 silly gunzTarPerm extractEntry deps/tesseract/ccmain/pgedit.cpp
625 silly gunzTarPerm extractEntry deps/tesseract/ccmain/pgedit.h
626 silly gunzTarPerm extractEntry deps/tesseract/ccmain/recogtraining.cpp
627 silly gunzTarPerm extractEntry deps/tesseract/ccmain/reject.cpp
628 silly gunzTarPerm extractEntry deps/tesseract/ccmain/reject.h
629 silly gunzTarPerm extractEntry deps/tesseract/ccmain/resultiterator.cpp
630 silly gunzTarPerm extractEntry deps/tesseract/ccmain/resultiterator.h
631 silly gunzTarPerm extractEntry deps/tesseract/ccmain/scaleimg.cpp
632 silly gunzTarPerm extractEntry deps/tesseract/ccmain/scaleimg.h
633 silly gunzTarPerm extractEntry deps/tesseract/ccmain/tessbox.cpp
634 silly gunzTarPerm extractEntry deps/tesseract/ccmain/tessbox.h
635 silly gunzTarPerm extractEntry deps/tesseract/ccmain/tessedit.cpp
636 silly gunzTarPerm extractEntry deps/tesseract/ccmain/tessedit.h
637 silly gunzTarPerm extractEntry deps/tesseract/ccmain/tesseract_cube_combiner.cpp
638 silly gunzTarPerm extractEntry deps/tesseract/ccmain/tesseract_cube_combiner.h
639 silly gunzTarPerm extractEntry deps/tesseract/ccmain/tesseractclass.cpp
640 silly gunzTarPerm extractEntry deps/tesseract/ccmain/tesseractclass.h
641 silly gunzTarPerm extractEntry deps/tesseract/ccmain/tessvars.cpp
642 silly gunzTarPerm extractEntry deps/tesseract/ccmain/tessvars.h
643 silly gunzTarPerm extractEntry deps/tesseract/ccmain/tfacep.h
644 silly gunzTarPerm extractEntry deps/tesseract/ccmain/tfacepp.cpp
645 silly gunzTarPerm extractEntry deps/tesseract/ccmain/tfacepp.h
646 silly gunzTarPerm extractEntry deps/tesseract/ccmain/thresholder.cpp
647 silly gunzTarPerm extractEntry deps/tesseract/ccmain/thresholder.h
648 silly gunzTarPerm extractEntry deps/tesseract/ccmain/werdit.cpp
649 silly gunzTarPerm extractEntry deps/tesseract/ccmain/werdit.h
650 silly gunzTarPerm extractEntry deps/tesseract/image/imgs.h
651 silly gunzTarPerm extractEntry deps/tesseract/image/image.cpp
652 silly gunzTarPerm extractEntry deps/tesseract/image/img.h
653 silly gunzTarPerm extractEntry deps/tesseract/image/imgerrs.h
654 silly gunzTarPerm extractEntry deps/tesseract/image/imgs.cpp
655 silly gunzTarPerm extractEntry deps/tesseract/image/image.h
656 silly gunzTarPerm extractEntry deps/tesseract/image/imgtiff.cpp
657 silly gunzTarPerm extractEntry deps/tesseract/image/imgtiff.h
658 silly gunzTarPerm extractEntry deps/tesseract/image/imgunpk.h
659 silly gunzTarPerm extractEntry deps/tesseract/image/svshowim.cpp
660 silly gunzTarPerm extractEntry deps/tesseract/image/svshowim.h
661 silly gunzTarPerm extractEntry deps/tesseract/neural_networks/runtime/input_file_buffer.cpp
662 silly gunzTarPerm extractEntry deps/tesseract/neural_networks/runtime/input_file_buffer.h
663 silly gunzTarPerm extractEntry deps/tesseract/neural_networks/runtime/neural_net.cpp
664 silly gunzTarPerm extractEntry deps/tesseract/neural_networks/runtime/neural_net.h
665 silly gunzTarPerm extractEntry deps/tesseract/neural_networks/runtime/neuron.cpp
666 silly gunzTarPerm extractEntry deps/tesseract/neural_networks/runtime/neuron.h
667 silly gunzTarPerm extractEntry deps/tesseract/neural_networks/runtime/sigmoid_table.cpp
668 silly gunzTarPerm extractEntry deps/tesseract/port/gettimeofday.cpp
669 silly gunzTarPerm extractEntry deps/tesseract/port/gettimeofday.h
670 silly gunzTarPerm extractEntry deps/tesseract/port/mathfix.h
671 silly gunzTarPerm extractEntry deps/tesseract/port/strtok_r.cpp
672 silly gunzTarPerm extractEntry deps/tesseract/port/strtok_r.h
673 silly gunzTarPerm extractEntry deps/tesseract/tesseract.gyp
674 silly gunzTarPerm extractEntry deps/tesseract/textord/linefind.h
675 silly gunzTarPerm extractEntry deps/tesseract/textord/alignedblob.cpp
676 silly gunzTarPerm extractEntry deps/tesseract/textord/bbgrid.cpp
677 silly gunzTarPerm extractEntry deps/tesseract/textord/bbgrid.h
678 silly gunzTarPerm extractEntry deps/tesseract/textord/blkocc.cpp
679 silly gunzTarPerm extractEntry deps/tesseract/textord/blkocc.h
680 silly gunzTarPerm extractEntry deps/tesseract/textord/blobgrid.cpp
681 silly gunzTarPerm extractEntry deps/tesseract/textord/blobgrid.h
682 silly gunzTarPerm extractEntry deps/tesseract/textord/ccnontextdetect.cpp
683 silly gunzTarPerm extractEntry deps/tesseract/textord/ccnontextdetect.h
684 silly gunzTarPerm extractEntry deps/tesseract/textord/cjkpitch.cpp
685 silly gunzTarPerm extractEntry deps/tesseract/textord/cjkpitch.h
686 silly gunzTarPerm extractEntry deps/tesseract/textord/colfind.cpp
687 silly gunzTarPerm extractEntry deps/tesseract/textord/colfind.h
688 silly gunzTarPerm extractEntry deps/tesseract/textord/colpartition.cpp
689 silly gunzTarPerm extractEntry deps/tesseract/textord/colpartition.h
690 silly gunzTarPerm extractEntry deps/tesseract/textord/colpartitiongrid.cpp
691 silly gunzTarPerm extractEntry deps/tesseract/textord/colpartitiongrid.h
692 silly gunzTarPerm extractEntry deps/tesseract/textord/colpartitionset.cpp
693 silly gunzTarPerm extractEntry deps/tesseract/textord/colpartitionset.h
694 silly gunzTarPerm extractEntry deps/tesseract/textord/devanagari_processing.cpp
695 silly gunzTarPerm extractEntry deps/tesseract/textord/devanagari_processing.h
696 silly gunzTarPerm extractEntry deps/tesseract/textord/drawedg.cpp
697 silly gunzTarPerm extractEntry deps/tesseract/textord/drawedg.h
698 silly gunzTarPerm extractEntry deps/tesseract/textord/drawtord.cpp
699 silly gunzTarPerm extractEntry deps/tesseract/textord/drawtord.h
700 silly gunzTarPerm extractEntry deps/tesseract/textord/edgblob.cpp
701 silly gunzTarPerm extractEntry deps/tesseract/textord/edgblob.h
702 silly gunzTarPerm extractEntry deps/tesseract/textord/edgloop.cpp
703 silly gunzTarPerm extractEntry deps/tesseract/textord/edgloop.h
704 silly gunzTarPerm extractEntry deps/tesseract/textord/equationdetectbase.cpp
705 silly gunzTarPerm extractEntry deps/tesseract/textord/equationdetectbase.h
706 silly gunzTarPerm extractEntry deps/tesseract/textord/fpchop.cpp
707 silly gunzTarPerm extractEntry deps/tesseract/textord/fpchop.h
708 silly gunzTarPerm extractEntry deps/tesseract/textord/gap_map.cpp
709 silly gunzTarPerm extractEntry deps/tesseract/textord/gap_map.h
710 silly gunzTarPerm extractEntry deps/tesseract/textord/imagefind.cpp
711 silly gunzTarPerm extractEntry deps/tesseract/textord/imagefind.h
712 silly gunzTarPerm extractEntry deps/tesseract/textord/linefind.cpp
713 silly gunzTarPerm extractEntry deps/tesseract/textord/alignedblob.h
714 silly gunzTarPerm extractEntry deps/tesseract/textord/makerow.cpp
715 silly gunzTarPerm extractEntry deps/tesseract/textord/makerow.h
716 silly gunzTarPerm extractEntry deps/tesseract/textord/oldbasel.cpp
717 silly gunzTarPerm extractEntry deps/tesseract/textord/oldbasel.h
718 silly gunzTarPerm extractEntry deps/tesseract/textord/pithsync.cpp
719 silly gunzTarPerm extractEntry deps/tesseract/textord/pithsync.h
720 silly gunzTarPerm extractEntry deps/tesseract/textord/pitsync1.cpp
721 silly gunzTarPerm extractEntry deps/tesseract/textord/pitsync1.h
722 silly gunzTarPerm extractEntry deps/tesseract/textord/scanedg.cpp
723 silly gunzTarPerm extractEntry deps/tesseract/textord/scanedg.h
724 silly gunzTarPerm extractEntry deps/tesseract/textord/sortflts.cpp
725 silly gunzTarPerm extractEntry deps/tesseract/textord/sortflts.h
726 silly gunzTarPerm extractEntry deps/tesseract/textord/strokewidth.cpp
727 silly gunzTarPerm extractEntry deps/tesseract/textord/strokewidth.h
728 silly gunzTarPerm extractEntry deps/tesseract/textord/tabfind.cpp
729 silly gunzTarPerm extractEntry deps/tesseract/textord/tabfind.h
730 silly gunzTarPerm extractEntry deps/tesseract/textord/tablefind.cpp
731 silly gunzTarPerm extractEntry deps/tesseract/textord/tablefind.h
732 silly gunzTarPerm extractEntry deps/tesseract/textord/tablerecog.cpp
733 silly gunzTarPerm extractEntry deps/tesseract/textord/tablerecog.h
734 silly gunzTarPerm extractEntry deps/tesseract/textord/tabvector.cpp
735 silly gunzTarPerm extractEntry deps/tesseract/textord/tabvector.h
736 silly gunzTarPerm extractEntry deps/tesseract/textord/textlineprojection.cpp
737 silly gunzTarPerm extractEntry deps/tesseract/textord/textlineprojection.h
738 silly gunzTarPerm extractEntry deps/tesseract/textord/textord.cpp
739 silly gunzTarPerm extractEntry deps/tesseract/textord/textord.h
740 silly gunzTarPerm extractEntry deps/tesseract/textord/topitch.cpp
741 silly gunzTarPerm extractEntry deps/tesseract/textord/topitch.h
742 silly gunzTarPerm extractEntry deps/tesseract/textord/tordmain.cpp
743 silly gunzTarPerm extractEntry deps/tesseract/textord/tordmain.h
744 silly gunzTarPerm extractEntry deps/tesseract/textord/tospace.cpp
745 silly gunzTarPerm extractEntry deps/tesseract/textord/tovars.cpp
746 silly gunzTarPerm extractEntry deps/tesseract/textord/tovars.h
747 silly gunzTarPerm extractEntry deps/tesseract/textord/underlin.cpp
748 silly gunzTarPerm extractEntry deps/tesseract/textord/underlin.h
749 silly gunzTarPerm extractEntry deps/tesseract/textord/wordseg.cpp
750 silly gunzTarPerm extractEntry deps/tesseract/textord/wordseg.h
751 silly gunzTarPerm extractEntry deps/tesseract/textord/workingpartset.cpp
752 silly gunzTarPerm extractEntry deps/tesseract/textord/workingpartset.h
753 silly gunzTarPerm extractEntry deps/tesseract/viewer/scrollview.cpp
754 silly gunzTarPerm extractEntry deps/tesseract/viewer/scrollview.h
755 silly gunzTarPerm extractEntry deps/tesseract/viewer/svmnode.cpp
756 silly gunzTarPerm extractEntry deps/tesseract/viewer/svmnode.h
757 silly gunzTarPerm extractEntry deps/tesseract/viewer/svpaint.cpp
758 silly gunzTarPerm extractEntry deps/tesseract/viewer/svutil.cpp
759 silly gunzTarPerm extractEntry deps/tesseract/viewer/svutil.h
760 silly gunzTarPerm extractEntry deps/tesseract/wordrec/makechop.h
761 silly gunzTarPerm extractEntry deps/tesseract/wordrec/associate.cpp
762 silly gunzTarPerm extractEntry deps/tesseract/wordrec/bestfirst.cpp
763 silly gunzTarPerm extractEntry deps/tesseract/wordrec/bestfirst.h
764 silly gunzTarPerm extractEntry deps/tesseract/wordrec/chop.cpp
765 silly gunzTarPerm extractEntry deps/tesseract/wordrec/chop.h
766 silly gunzTarPerm extractEntry deps/tesseract/wordrec/chopper.cpp
767 silly gunzTarPerm extractEntry deps/tesseract/wordrec/chopper.h
768 silly gunzTarPerm extractEntry deps/tesseract/wordrec/closed.cpp
769 silly gunzTarPerm extractEntry deps/tesseract/wordrec/closed.h
770 silly gunzTarPerm extractEntry deps/tesseract/wordrec/drawfx.cpp
771 silly gunzTarPerm extractEntry deps/tesseract/wordrec/drawfx.h
772 silly gunzTarPerm extractEntry deps/tesseract/wordrec/findseam.cpp
773 silly gunzTarPerm extractEntry deps/tesseract/wordrec/findseam.h
774 silly gunzTarPerm extractEntry deps/tesseract/wordrec/gradechop.cpp
775 silly gunzTarPerm extractEntry deps/tesseract/wordrec/gradechop.h
776 silly gunzTarPerm extractEntry deps/tesseract/wordrec/heuristic.cpp
777 silly gunzTarPerm extractEntry deps/tesseract/wordrec/language_model.cpp
778 silly gunzTarPerm extractEntry deps/tesseract/wordrec/language_model.h
779 silly gunzTarPerm extractEntry deps/tesseract/wordrec/makechop.cpp
780 silly gunzTarPerm extractEntry deps/tesseract/wordrec/associate.h
781 silly gunzTarPerm extractEntry deps/tesseract/wordrec/matchtab.cpp
782 silly gunzTarPerm extractEntry deps/tesseract/wordrec/matchtab.h
783 silly gunzTarPerm extractEntry deps/tesseract/wordrec/measure.h
784 silly gunzTarPerm extractEntry deps/tesseract/wordrec/olutil.cpp
785 silly gunzTarPerm extractEntry deps/tesseract/wordrec/olutil.h
786 silly gunzTarPerm extractEntry deps/tesseract/wordrec/outlines.cpp
787 silly gunzTarPerm extractEntry deps/tesseract/wordrec/outlines.h
788 silly gunzTarPerm extractEntry deps/tesseract/wordrec/pieces.cpp
789 silly gunzTarPerm extractEntry deps/tesseract/wordrec/plotedges.cpp
790 silly gunzTarPerm extractEntry deps/tesseract/wordrec/plotedges.h
791 silly gunzTarPerm extractEntry deps/tesseract/wordrec/plotseg.cpp
792 silly gunzTarPerm extractEntry deps/tesseract/wordrec/plotseg.h
793 silly gunzTarPerm extractEntry deps/tesseract/wordrec/render.cpp
794 silly gunzTarPerm extractEntry deps/tesseract/wordrec/render.h
795 silly gunzTarPerm extractEntry deps/tesseract/wordrec/segsearch.cpp
796 silly gunzTarPerm extractEntry deps/tesseract/wordrec/tface.cpp
797 silly gunzTarPerm extractEntry deps/tesseract/wordrec/wordclass.cpp
798 silly gunzTarPerm extractEntry deps/tesseract/wordrec/wordclass.h
799 silly gunzTarPerm extractEntry deps/tesseract/wordrec/wordrec.cpp
800 silly gunzTarPerm extractEntry deps/tesseract/wordrec/wordrec.h
801 silly gunzTarPerm extractEntry lib/tesseract.js
802 silly gunzTarPerm extractEntry src/module.cc
803 silly gunzTarPerm extractEntry src/TesseractBinding.cc
804 silly gunzTarPerm extractEntry src/TesseractBinding.h
805 silly gunzTarPerm extractEntry tessdata/eng.traineddata
806 silly gunzTarPerm extractEntry test/tesseractjs.test.js
807 silly gunzTarPerm extractEntry test/images/test-image.jpg
808 silly gunzTarPerm extractEntry test/images/test-image.png
809 verbose write writing to /usr/local/lib/node_modules/tesseract-js/package.json
810 info preinstall tesseract-js@0.0.1
811 verbose readDependencies loading dependencies from /usr/local/lib/node_modules/tesseract-js/package.json
812 silly prepareForInstallMany adding chai@1.3.0 from tesseract-js dependencies
813 verbose readDependencies loading dependencies from /usr/local/lib/node_modules/tesseract-js/package.json
814 silly cache add args [ 'chai@1.3.0', null ]
815 verbose cache add spec chai@1.3.0
816 silly cache add parsed spec { raw: 'chai@1.3.0',
816 silly cache add   scope: null,
816 silly cache add   name: 'chai',
816 silly cache add   rawSpec: '1.3.0',
816 silly cache add   spec: '1.3.0',
816 silly cache add   type: 'version' }
817 silly addNamed chai@1.3.0
818 verbose addNamed "1.3.0" is a plain semver version for chai
819 silly mapToRegistry name chai
820 silly mapToRegistry using default registry
821 silly mapToRegistry registry https://registry.npmjs.org/
822 silly mapToRegistry uri https://registry.npmjs.org/chai
823 verbose addNameVersion registry:https://registry.npmjs.org/chai not in flight; fetching
824 verbose request uri https://registry.npmjs.org/chai
825 verbose request no auth needed
826 info attempt registry request try #1 at 07:19:38
827 verbose etag "A0LBAB1KPL4HNYWUGCHZ1RD3J"
828 http request GET https://registry.npmjs.org/chai
829 http 304 https://registry.npmjs.org/chai
830 silly get cb [ 304,
830 silly get   { date: 'Mon, 27 Jul 2015 11:19:38 GMT',
830 silly get     via: '1.1 varnish',
830 silly get     'cache-control': 'max-age=60',
830 silly get     etag: '"A0LBAB1KPL4HNYWUGCHZ1RD3J"',
830 silly get     age: '0',
830 silly get     connection: 'keep-alive',
830 silly get     'x-served-by': 'cache-jfk1023-JFK',
830 silly get     'x-cache': 'HIT',
830 silly get     'x-cache-hits': '1',
830 silly get     'x-timer': 'S1437995978.396679,VS0,VE83',
830 silly get     vary: 'Accept' } ]
831 verbose etag https://registry.npmjs.org/chai from cache
832 verbose get saving chai to /Users/kamran/.npm/registry.npmjs.org/chai/.cache.json
833 silly cache afterAdd chai@1.3.0
834 verbose afterAdd /Users/kamran/.npm/chai/1.3.0/package/package.json not in flight; writing
835 verbose afterAdd /Users/kamran/.npm/chai/1.3.0/package/package.json written
836 silly install resolved [ { author: { name: 'Jake Luer', email: 'jake@alogicalparadox.com' },
836 silly install resolved     name: 'chai',
836 silly install resolved     description: 'BDD/TDD assertion library for node.js and the browser. Test framework agnostic.',
836 silly install resolved     keywords: [ 'test', 'assertion', 'assert', 'testing', 'chai' ],
836 silly install resolved     homepage: 'http://chaijs.com',
836 silly install resolved     license: 'MIT',
836 silly install resolved     contributors: [ [Object], [Object], [Object], [Object] ],
836 silly install resolved     version: '1.3.0',
836 silly install resolved     repository: { type: 'git', url: 'git+https://github.com/chaijs/chai.git' },
836 silly install resolved     bugs: { url: 'https://github.com/chaijs/chai/issues' },
836 silly install resolved     main: './index',
836 silly install resolved     scripts: { test: 'mocha' },
836 silly install resolved     engines: { node: '>= 0.4.0' },
836 silly install resolved     dependencies: {},
836 silly install resolved     devDependencies: { folio: '0.3.x', mocha: '*' },
836 silly install resolved     _id: 'chai@1.3.0',
836 silly install resolved     dist:
836 silly install resolved      { shasum: '6a597c6377c54e9dedc2ddb4641296fc05ff4fcc',
836 silly install resolved        tarball: 'http://registry.npmjs.org/chai/-/chai-1.3.0.tgz' },
836 silly install resolved     _npmVersion: '1.1.62',
836 silly install resolved     _npmUser: { name: 'jakeluer', email: 'jake@alogicalparadox.com' },
836 silly install resolved     maintainers: [ [Object] ],
836 silly install resolved     directories: {},
836 silly install resolved     _shasum: '6a597c6377c54e9dedc2ddb4641296fc05ff4fcc',
836 silly install resolved     _resolved: 'https://registry.npmjs.org/chai/-/chai-1.3.0.tgz',
836 silly install resolved     _from: 'chai@1.3.0',
836 silly install resolved     readme: 'ERROR: No README data found!' } ]
837 info install chai@1.3.0 into /usr/local/lib/node_modules/tesseract-js
838 info installOne chai@1.3.0
839 verbose installOne of chai to /usr/local/lib/node_modules/tesseract-js not in flight; installing
840 verbose lock using /Users/kamran/.npm/_locks/chai-917d8d5f8837849d.lock for /usr/local/lib/node_modules/tesseract-js/node_modules/chai
841 silly install write writing chai 1.3.0 to /usr/local/lib/node_modules/tesseract-js/node_modules/chai
842 verbose unbuild lib/node_modules/tesseract-js/node_modules/chai
843 silly gentlyRm /usr/local/lib/node_modules/tesseract-js/node_modules/chai is being purged from base /usr/local
844 verbose gentlyRm don't care about contents; nuking /usr/local/lib/node_modules/tesseract-js/node_modules/chai
845 verbose tar unpack /Users/kamran/.npm/chai/1.3.0/package.tgz
846 verbose tar unpacking to /usr/local/lib/node_modules/tesseract-js/node_modules/chai
847 silly gentlyRm /usr/local/lib/node_modules/tesseract-js/node_modules/chai is being purged
848 verbose gentlyRm don't care about contents; nuking /usr/local/lib/node_modules/tesseract-js/node_modules/chai
849 silly gunzTarPerm modes [ '755', '644' ]
850 silly gunzTarPerm extractEntry package.json
851 silly gunzTarPerm extractEntry .npmignore
852 silly gunzTarPerm extractEntry README.md
853 silly gunzTarPerm extractEntry chai.js
854 silly gunzTarPerm extractEntry index.js
855 silly gunzTarPerm extractEntry History.md
856 silly gunzTarPerm extractEntry lib/chai.js
857 silly gunzTarPerm extractEntry lib/chai/assertion.js
858 silly gunzTarPerm extractEntry lib/chai/error.js
859 silly gunzTarPerm extractEntry lib/chai/browser/error.js
860 silly gunzTarPerm extractEntry lib/chai/core/assertions.js
861 silly gunzTarPerm extractEntry lib/chai/interface/assert.js
862 silly gunzTarPerm extractEntry lib/chai/interface/expect.js
863 silly gunzTarPerm extractEntry lib/chai/interface/should.js
864 silly gunzTarPerm extractEntry lib/chai/utils/addChainableMethod.js
865 silly gunzTarPerm extractEntry lib/chai/utils/flag.js
866 silly gunzTarPerm extractEntry lib/chai/utils/getActual.js
867 silly gunzTarPerm extractEntry lib/chai/utils/getMessage.js
868 silly gunzTarPerm extractEntry lib/chai/utils/getName.js
869 silly gunzTarPerm extractEntry lib/chai/utils/eql.js
870 silly gunzTarPerm extractEntry lib/chai/utils/index.js
871 silly gunzTarPerm extractEntry lib/chai/utils/inspect.js
872 silly gunzTarPerm extractEntry lib/chai/utils/objDisplay.js
873 silly gunzTarPerm extractEntry lib/chai/utils/overwriteMethod.js
874 silly gunzTarPerm extractEntry lib/chai/utils/overwriteProperty.js
875 silly gunzTarPerm extractEntry lib/chai/utils/addProperty.js
876 silly gunzTarPerm extractEntry lib/chai/utils/test.js
877 silly gunzTarPerm extractEntry lib/chai/utils/addMethod.js
878 silly gunzTarPerm extractEntry lib/chai/utils/transferFlags.js
879 silly gunzTarPerm extractEntry lib/chai/utils/getPathValue.js
880 verbose write writing to /usr/local/lib/node_modules/tesseract-js/node_modules/chai/package.json
881 info preinstall chai@1.3.0
882 verbose readDependencies loading dependencies from /usr/local/lib/node_modules/tesseract-js/node_modules/chai/package.json
883 verbose readDependencies loading dependencies from /usr/local/lib/node_modules/tesseract-js/node_modules/chai/package.json
884 silly install resolved []
885 verbose about to build /usr/local/lib/node_modules/tesseract-js/node_modules/chai
886 info build /usr/local/lib/node_modules/tesseract-js/node_modules/chai
887 info linkStuff chai@1.3.0
888 silly linkStuff chai@1.3.0 has /usr/local/lib/node_modules/tesseract-js/node_modules as its parent node_modules
889 silly linkStuff chai@1.3.0 is part of a global install
890 silly linkStuff chai@1.3.0 is installed into a global node_modules
891 verbose linkBins chai@1.3.0
892 verbose linkMans chai@1.3.0
893 verbose rebuildBundles chai@1.3.0
894 info install chai@1.3.0
895 info postinstall chai@1.3.0
896 verbose unlock done using /Users/kamran/.npm/_locks/chai-917d8d5f8837849d.lock for /usr/local/lib/node_modules/tesseract-js/node_modules/chai
897 verbose about to build /usr/local/lib/node_modules/tesseract-js
898 info build /usr/local/lib/node_modules/tesseract-js
899 info linkStuff tesseract-js@0.0.1
900 silly linkStuff tesseract-js@0.0.1 has /usr/local/lib/node_modules as its parent node_modules
901 silly linkStuff tesseract-js@0.0.1 is part of a global install
902 silly linkStuff tesseract-js@0.0.1 is installed into a global node_modules
903 silly linkStuff tesseract-js@0.0.1 is installed into the top-level global node_modules
904 verbose linkBins tesseract-js@0.0.1
905 verbose linkMans tesseract-js@0.0.1
906 verbose rebuildBundles tesseract-js@0.0.1
907 verbose rebuildBundles [ 'chai' ]
908 info install tesseract-js@0.0.1
909 verbose unsafe-perm in lifecycle false
910 info tesseract-js@0.0.1 Failed to exec install script
911 verbose unlock done using /Users/kamran/.npm/_locks/tesseract-js-d029f1ac0e0b348e.lock for /usr/local/lib/node_modules/tesseract-js
912 verbose stack Error: tesseract-js@0.0.1 install: `node-gyp rebuild`
912 verbose stack spawn ENOENT
912 verbose stack     at ChildProcess.<anonymous> (/usr/local/lib/node_modules/npm/lib/utils/spawn.js:17:16)
912 verbose stack     at ChildProcess.emit (events.js:110:17)
912 verbose stack     at maybeClose (child_process.js:1015:16)
912 verbose stack     at Process.ChildProcess._handle.onexit (child_process.js:1087:5)
913 verbose pkgid tesseract-js@0.0.1
914 verbose cwd /Users/kamran/Kamran/62. Harvard Degree Program/S-15/kamran-kiyani.github.io/Logo-Tessel
915 error Darwin 14.4.0
916 error argv "node" "/usr/local/bin/npm" "install" "-g" "tesseract-js"
917 error node v0.12.7
918 error npm  v2.12.1
919 error file sh
920 error code ELIFECYCLE
921 error errno ENOENT
922 error syscall spawn
923 error tesseract-js@0.0.1 install: `node-gyp rebuild`
923 error spawn ENOENT
924 error Failed at the tesseract-js@0.0.1 install script 'node-gyp rebuild'.
924 error This is most likely a problem with the tesseract-js package,
924 error not with npm itself.
924 error Tell the author that this fails on your system:
924 error     node-gyp rebuild
924 error You can get their info via:
924 error     npm owner ls tesseract-js
924 error There is likely additional logging output above.
925 verbose exit [ 1, true ]
926 verbose unbuild lib/node_modules/tesseract-js
927 info preuninstall tesseract-js@0.0.1
928 info uninstall tesseract-js@0.0.1
929 verbose unbuild rmStuff tesseract-js@0.0.1 from /usr/local/lib/node_modules
930 info postuninstall tesseract-js@0.0.1
931 silly gentlyRm /usr/local/lib/node_modules/tesseract-js is being purged from base /usr/local
932 verbose gentlyRm don't care about contents; nuking /usr/local/lib/node_modules/tesseract-js
933 silly vacuum-fs purging /usr/local/lib/node_modules/tesseract-js
934 silly vacuum-fs quitting because other entries in /usr/local/lib/node_modules
